ERROR 2026-03-15 18:37:50,775 signals Audit log write failed for Student pk=1: Object of type ImageFieldFile is not JSON serializable
Traceback (most recent call last):
  File "C:\Users\hp\Documents\Raudhwa\school_project\audit\signals.py", line 247, in _write_crud_log
    AuditLog.log(
    ~~~~~~~~~~~~^
        action=action,
        ^^^^^^^^^^^^^^
    ...<4 lines>...
        session=session,
        ^^^^^^^^^^^^^^^^
    )
    ^
  File "C:\Users\hp\Documents\Raudhwa\school_project\core\models.py", line 3037, in log
    entry.save()
    ~~~~~~~~~~^^
  File "C:\Users\hp\Documents\Raudhwa\school_project\venv\Lib\site-packages\django\db\models\base.py", line 822, in save
    self.save_base(
    ~~~~~~~~~~~~~~^
        using=using,
        ^^^^^^^^^^^^
    ...<2 lines>...
        update_fields=update_fields,
        ^^^^^^^^^^^^^^^^^^^^^^^^^^^^
    )
    ^
  File "C:\Users\hp\Documents\Raudhwa\school_project\venv\Lib\site-packages\django\db\models\base.py", line 909, in save_base
    updated = self._save_table(
        raw,
    ...<4 lines>...
        update_fields,
    )
  File "C:\Users\hp\Documents\Raudhwa\school_project\venv\Lib\site-packages\django\db\models\base.py", line 1067, in _save_table
    results = self._do_insert(
        cls._base_manager, using, fields, returning_fields, raw
    )
  File "C:\Users\hp\Documents\Raudhwa\school_project\venv\Lib\site-packages\django\db\models\base.py", line 1108, in _do_insert
    return manager._insert(
           ~~~~~~~~~~~~~~~^
        [self],
        ^^^^^^^
    ...<3 lines>...
        raw=raw,
        ^^^^^^^^
    )
    ^
  File "C:\Users\hp\Documents\Raudhwa\school_project\venv\Lib\site-packages\django\db\models\manager.py", line 87, in manager_method
    return getattr(self.get_queryset(), name)(*args, **kwargs)
           ~~~~~~~~~~~~~~~~~~~~~~~~~~~~~~~~~~^^^^^^^^^^^^^^^^^
  File "C:\Users\hp\Documents\Raudhwa\school_project\venv\Lib\site-packages\django\db\models\query.py", line 1847, in _insert
    return query.get_compiler(using=using).execute_sql(returning_fields)
           ~~~~~~~~~~~~~~~~~~~~~~~~~~~~~~~~~~~~~~~~~~~^^^^^^^^^^^^^^^^^^
  File "C:\Users\hp\Documents\Raudhwa\school_project\venv\Lib\site-packages\django\db\models\sql\compiler.py", line 1822, in execute_sql
    for sql, params in self.as_sql():
                       ~~~~~~~~~~~^^
  File "C:\Users\hp\Documents\Raudhwa\school_project\venv\Lib\site-packages\django\db\models\sql\compiler.py", line 1747, in as_sql
    self.prepare_value(field, self.pre_save_val(field, obj))
    ~~~~~~~~~~~~~~~~~~^^^^^^^^^^^^^^^^^^^^^^^^^^^^^^^^^^^^^^
  File "C:\Users\hp\Documents\Raudhwa\school_project\venv\Lib\site-packages\django\db\models\sql\compiler.py", line 1686, in prepare_value
    return field.get_db_prep_save(value, connection=self.connection)
           ~~~~~~~~~~~~~~~~~~~~~~^^^^^^^^^^^^^^^^^^^^^^^^^^^^^^^^^^^
  File "C:\Users\hp\Documents\Raudhwa\school_project\venv\Lib\site-packages\django\db\models\fields\json.py", line 136, in get_db_prep_save
    return self.get_db_prep_value(value, connection)
           ~~~~~~~~~~~~~~~~~~~~~~^^^^^^^^^^^^^^^^^^^
  File "C:\Users\hp\Documents\Raudhwa\school_project\venv\Lib\site-packages\django\db\models\fields\json.py", line 131, in get_db_prep_value
    return connection.ops.adapt_json_value(value, self.encoder)
           ~~~~~~~~~~~~~~~~~~~~~~~~~~~~~~~^^^^^^^^^^^^^^^^^^^^^
  File "C:\Users\hp\Documents\Raudhwa\school_project\venv\Lib\site-packages\django\db\backends\base\operations.py", line 594, in adapt_json_value
    return json.dumps(value, cls=encoder)
           ~~~~~~~~~~^^^^^^^^^^^^^^^^^^^^
  File "C:\Users\hp\AppData\Local\Programs\Python\Python314\Lib\json\__init__.py", line 235, in dumps
    return _default_encoder.encode(obj)
           ~~~~~~~~~~~~~~~~~~~~~~~^^^^^
  File "C:\Users\hp\AppData\Local\Programs\Python\Python314\Lib\json\encoder.py", line 202, in encode
    chunks = self.iterencode(o, _one_shot=True)
  File "C:\Users\hp\AppData\Local\Programs\Python\Python314\Lib\json\encoder.py", line 263, in iterencode
    return _iterencode(o, 0)
  File "C:\Users\hp\AppData\Local\Programs\Python\Python314\Lib\json\encoder.py", line 182, in default
    raise TypeError(f'Object of type {o.__class__.__name__} '
                    f'is not JSON serializable')
TypeError: Object of type ImageFieldFile is not JSON serializable
when serializing dict item 'profile_picture'
ERROR 2026-03-15 19:34:17,439 signals Audit log write failed for Student pk=2: Object of type ImageFieldFile is not JSON serializable
Traceback (most recent call last):
  File "C:\Users\hp\Documents\Raudhwa\school_project\audit\signals.py", line 247, in _write_crud_log
    AuditLog.log(
    ~~~~~~~~~~~~^
        action=action,
        ^^^^^^^^^^^^^^
    ...<4 lines>...
        session=session,
        ^^^^^^^^^^^^^^^^
    )
    ^
  File "C:\Users\hp\Documents\Raudhwa\school_project\core\models.py", line 3037, in log
    entry.save()
    ~~~~~~~~~~^^
  File "C:\Users\hp\Documents\Raudhwa\school_project\venv\Lib\site-packages\django\db\models\base.py", line 822, in save
    self.save_base(
    ~~~~~~~~~~~~~~^
        using=using,
        ^^^^^^^^^^^^
    ...<2 lines>...
        update_fields=update_fields,
        ^^^^^^^^^^^^^^^^^^^^^^^^^^^^
    )
    ^
  File "C:\Users\hp\Documents\Raudhwa\school_project\venv\Lib\site-packages\django\db\models\base.py", line 909, in save_base
    updated = self._save_table(
        raw,
    ...<4 lines>...
        update_fields,
    )
  File "C:\Users\hp\Documents\Raudhwa\school_project\venv\Lib\site-packages\django\db\models\base.py", line 1067, in _save_table
    results = self._do_insert(
        cls._base_manager, using, fields, returning_fields, raw
    )
  File "C:\Users\hp\Documents\Raudhwa\school_project\venv\Lib\site-packages\django\db\models\base.py", line 1108, in _do_insert
    return manager._insert(
           ~~~~~~~~~~~~~~~^
        [self],
        ^^^^^^^
    ...<3 lines>...
        raw=raw,
        ^^^^^^^^
    )
    ^
  File "C:\Users\hp\Documents\Raudhwa\school_project\venv\Lib\site-packages\django\db\models\manager.py", line 87, in manager_method
    return getattr(self.get_queryset(), name)(*args, **kwargs)
           ~~~~~~~~~~~~~~~~~~~~~~~~~~~~~~~~~~^^^^^^^^^^^^^^^^^
  File "C:\Users\hp\Documents\Raudhwa\school_project\venv\Lib\site-packages\django\db\models\query.py", line 1847, in _insert
    return query.get_compiler(using=using).execute_sql(returning_fields)
           ~~~~~~~~~~~~~~~~~~~~~~~~~~~~~~~~~~~~~~~~~~~^^^^^^^^^^^^^^^^^^
  File "C:\Users\hp\Documents\Raudhwa\school_project\venv\Lib\site-packages\django\db\models\sql\compiler.py", line 1822, in execute_sql
    for sql, params in self.as_sql():
                       ~~~~~~~~~~~^^
  File "C:\Users\hp\Documents\Raudhwa\school_project\venv\Lib\site-packages\django\db\models\sql\compiler.py", line 1747, in as_sql
    self.prepare_value(field, self.pre_save_val(field, obj))
    ~~~~~~~~~~~~~~~~~~^^^^^^^^^^^^^^^^^^^^^^^^^^^^^^^^^^^^^^
  File "C:\Users\hp\Documents\Raudhwa\school_project\venv\Lib\site-packages\django\db\models\sql\compiler.py", line 1686, in prepare_value
    return field.get_db_prep_save(value, connection=self.connection)
           ~~~~~~~~~~~~~~~~~~~~~~^^^^^^^^^^^^^^^^^^^^^^^^^^^^^^^^^^^
  File "C:\Users\hp\Documents\Raudhwa\school_project\venv\Lib\site-packages\django\db\models\fields\json.py", line 136, in get_db_prep_save
    return self.get_db_prep_value(value, connection)
           ~~~~~~~~~~~~~~~~~~~~~~^^^^^^^^^^^^^^^^^^^
  File "C:\Users\hp\Documents\Raudhwa\school_project\venv\Lib\site-packages\django\db\models\fields\json.py", line 131, in get_db_prep_value
    return connection.ops.adapt_json_value(value, self.encoder)
           ~~~~~~~~~~~~~~~~~~~~~~~~~~~~~~~^^^^^^^^^^^^^^^^^^^^^
  File "C:\Users\hp\Documents\Raudhwa\school_project\venv\Lib\site-packages\django\db\backends\base\operations.py", line 594, in adapt_json_value
    return json.dumps(value, cls=encoder)
           ~~~~~~~~~~^^^^^^^^^^^^^^^^^^^^
  File "C:\Users\hp\AppData\Local\Programs\Python\Python314\Lib\json\__init__.py", line 235, in dumps
    return _default_encoder.encode(obj)
           ~~~~~~~~~~~~~~~~~~~~~~~^^^^^
  File "C:\Users\hp\AppData\Local\Programs\Python\Python314\Lib\json\encoder.py", line 202, in encode
    chunks = self.iterencode(o, _one_shot=True)
  File "C:\Users\hp\AppData\Local\Programs\Python\Python314\Lib\json\encoder.py", line 263, in iterencode
    return _iterencode(o, 0)
  File "C:\Users\hp\AppData\Local\Programs\Python\Python314\Lib\json\encoder.py", line 182, in default
    raise TypeError(f'Object of type {o.__class__.__name__} '
                    f'is not JSON serializable')
TypeError: Object of type ImageFieldFile is not JSON serializable
when serializing dict item 'profile_picture'
ERROR 2026-03-15 19:38:22,957 signals Audit log write failed for Student pk=3: Object of type ImageFieldFile is not JSON serializable
Traceback (most recent call last):
  File "C:\Users\hp\Documents\Raudhwa\school_project\audit\signals.py", line 247, in _write_crud_log
    AuditLog.log(
    ~~~~~~~~~~~~^
        action=action,
        ^^^^^^^^^^^^^^
    ...<4 lines>...
        session=session,
        ^^^^^^^^^^^^^^^^
    )
    ^
  File "C:\Users\hp\Documents\Raudhwa\school_project\core\models.py", line 3037, in log
    entry.save()
    ~~~~~~~~~~^^
  File "C:\Users\hp\Documents\Raudhwa\school_project\venv\Lib\site-packages\django\db\models\base.py", line 822, in save
    self.save_base(
    ~~~~~~~~~~~~~~^
        using=using,
        ^^^^^^^^^^^^
    ...<2 lines>...
        update_fields=update_fields,
        ^^^^^^^^^^^^^^^^^^^^^^^^^^^^
    )
    ^
  File "C:\Users\hp\Documents\Raudhwa\school_project\venv\Lib\site-packages\django\db\models\base.py", line 909, in save_base
    updated = self._save_table(
        raw,
    ...<4 lines>...
        update_fields,
    )
  File "C:\Users\hp\Documents\Raudhwa\school_project\venv\Lib\site-packages\django\db\models\base.py", line 1067, in _save_table
    results = self._do_insert(
        cls._base_manager, using, fields, returning_fields, raw
    )
  File "C:\Users\hp\Documents\Raudhwa\school_project\venv\Lib\site-packages\django\db\models\base.py", line 1108, in _do_insert
    return manager._insert(
           ~~~~~~~~~~~~~~~^
        [self],
        ^^^^^^^
    ...<3 lines>...
        raw=raw,
        ^^^^^^^^
    )
    ^
  File "C:\Users\hp\Documents\Raudhwa\school_project\venv\Lib\site-packages\django\db\models\manager.py", line 87, in manager_method
    return getattr(self.get_queryset(), name)(*args, **kwargs)
           ~~~~~~~~~~~~~~~~~~~~~~~~~~~~~~~~~~^^^^^^^^^^^^^^^^^
  File "C:\Users\hp\Documents\Raudhwa\school_project\venv\Lib\site-packages\django\db\models\query.py", line 1847, in _insert
    return query.get_compiler(using=using).execute_sql(returning_fields)
           ~~~~~~~~~~~~~~~~~~~~~~~~~~~~~~~~~~~~~~~~~~~^^^^^^^^^^^^^^^^^^
  File "C:\Users\hp\Documents\Raudhwa\school_project\venv\Lib\site-packages\django\db\models\sql\compiler.py", line 1822, in execute_sql
    for sql, params in self.as_sql():
                       ~~~~~~~~~~~^^
  File "C:\Users\hp\Documents\Raudhwa\school_project\venv\Lib\site-packages\django\db\models\sql\compiler.py", line 1747, in as_sql
    self.prepare_value(field, self.pre_save_val(field, obj))
    ~~~~~~~~~~~~~~~~~~^^^^^^^^^^^^^^^^^^^^^^^^^^^^^^^^^^^^^^
  File "C:\Users\hp\Documents\Raudhwa\school_project\venv\Lib\site-packages\django\db\models\sql\compiler.py", line 1686, in prepare_value
    return field.get_db_prep_save(value, connection=self.connection)
           ~~~~~~~~~~~~~~~~~~~~~~^^^^^^^^^^^^^^^^^^^^^^^^^^^^^^^^^^^
  File "C:\Users\hp\Documents\Raudhwa\school_project\venv\Lib\site-packages\django\db\models\fields\json.py", line 136, in get_db_prep_save
    return self.get_db_prep_value(value, connection)
           ~~~~~~~~~~~~~~~~~~~~~~^^^^^^^^^^^^^^^^^^^
  File "C:\Users\hp\Documents\Raudhwa\school_project\venv\Lib\site-packages\django\db\models\fields\json.py", line 131, in get_db_prep_value
    return connection.ops.adapt_json_value(value, self.encoder)
           ~~~~~~~~~~~~~~~~~~~~~~~~~~~~~~~^^^^^^^^^^^^^^^^^^^^^
  File "C:\Users\hp\Documents\Raudhwa\school_project\venv\Lib\site-packages\django\db\backends\base\operations.py", line 594, in adapt_json_value
    return json.dumps(value, cls=encoder)
           ~~~~~~~~~~^^^^^^^^^^^^^^^^^^^^
  File "C:\Users\hp\AppData\Local\Programs\Python\Python314\Lib\json\__init__.py", line 235, in dumps
    return _default_encoder.encode(obj)
           ~~~~~~~~~~~~~~~~~~~~~~~^^^^^
  File "C:\Users\hp\AppData\Local\Programs\Python\Python314\Lib\json\encoder.py", line 202, in encode
    chunks = self.iterencode(o, _one_shot=True)
  File "C:\Users\hp\AppData\Local\Programs\Python\Python314\Lib\json\encoder.py", line 263, in iterencode
    return _iterencode(o, 0)
  File "C:\Users\hp\AppData\Local\Programs\Python\Python314\Lib\json\encoder.py", line 182, in default
    raise TypeError(f'Object of type {o.__class__.__name__} '
                    f'is not JSON serializable')
TypeError: Object of type ImageFieldFile is not JSON serializable
when serializing dict item 'profile_picture'
ERROR 2026-03-15 19:44:47,579 signals Audit log write failed for Student pk=4: Object of type ImageFieldFile is not JSON serializable
Traceback (most recent call last):
  File "C:\Users\hp\Documents\Raudhwa\school_project\audit\signals.py", line 247, in _write_crud_log
    AuditLog.log(
    ~~~~~~~~~~~~^
        action=action,
        ^^^^^^^^^^^^^^
    ...<4 lines>...
        session=session,
        ^^^^^^^^^^^^^^^^
    )
    ^
  File "C:\Users\hp\Documents\Raudhwa\school_project\core\models.py", line 3042, in log
    entry.save()
    ~~~~~~~~~~^^
  File "C:\Users\hp\Documents\Raudhwa\school_project\venv\Lib\site-packages\django\db\models\base.py", line 822, in save
    self.save_base(
    ~~~~~~~~~~~~~~^
        using=using,
        ^^^^^^^^^^^^
    ...<2 lines>...
        update_fields=update_fields,
        ^^^^^^^^^^^^^^^^^^^^^^^^^^^^
    )
    ^
  File "C:\Users\hp\Documents\Raudhwa\school_project\venv\Lib\site-packages\django\db\models\base.py", line 909, in save_base
    updated = self._save_table(
        raw,
    ...<4 lines>...
        update_fields,
    )
  File "C:\Users\hp\Documents\Raudhwa\school_project\venv\Lib\site-packages\django\db\models\base.py", line 1067, in _save_table
    results = self._do_insert(
        cls._base_manager, using, fields, returning_fields, raw
    )
  File "C:\Users\hp\Documents\Raudhwa\school_project\venv\Lib\site-packages\django\db\models\base.py", line 1108, in _do_insert
    return manager._insert(
           ~~~~~~~~~~~~~~~^
        [self],
        ^^^^^^^
    ...<3 lines>...
        raw=raw,
        ^^^^^^^^
    )
    ^
  File "C:\Users\hp\Documents\Raudhwa\school_project\venv\Lib\site-packages\django\db\models\manager.py", line 87, in manager_method
    return getattr(self.get_queryset(), name)(*args, **kwargs)
           ~~~~~~~~~~~~~~~~~~~~~~~~~~~~~~~~~~^^^^^^^^^^^^^^^^^
  File "C:\Users\hp\Documents\Raudhwa\school_project\venv\Lib\site-packages\django\db\models\query.py", line 1847, in _insert
    return query.get_compiler(using=using).execute_sql(returning_fields)
           ~~~~~~~~~~~~~~~~~~~~~~~~~~~~~~~~~~~~~~~~~~~^^^^^^^^^^^^^^^^^^
  File "C:\Users\hp\Documents\Raudhwa\school_project\venv\Lib\site-packages\django\db\models\sql\compiler.py", line 1822, in execute_sql
    for sql, params in self.as_sql():
                       ~~~~~~~~~~~^^
  File "C:\Users\hp\Documents\Raudhwa\school_project\venv\Lib\site-packages\django\db\models\sql\compiler.py", line 1747, in as_sql
    self.prepare_value(field, self.pre_save_val(field, obj))
    ~~~~~~~~~~~~~~~~~~^^^^^^^^^^^^^^^^^^^^^^^^^^^^^^^^^^^^^^
  File "C:\Users\hp\Documents\Raudhwa\school_project\venv\Lib\site-packages\django\db\models\sql\compiler.py", line 1686, in prepare_value
    return field.get_db_prep_save(value, connection=self.connection)
           ~~~~~~~~~~~~~~~~~~~~~~^^^^^^^^^^^^^^^^^^^^^^^^^^^^^^^^^^^
  File "C:\Users\hp\Documents\Raudhwa\school_project\venv\Lib\site-packages\django\db\models\fields\json.py", line 136, in get_db_prep_save
    return self.get_db_prep_value(value, connection)
           ~~~~~~~~~~~~~~~~~~~~~~^^^^^^^^^^^^^^^^^^^
  File "C:\Users\hp\Documents\Raudhwa\school_project\venv\Lib\site-packages\django\db\models\fields\json.py", line 131, in get_db_prep_value
    return connection.ops.adapt_json_value(value, self.encoder)
           ~~~~~~~~~~~~~~~~~~~~~~~~~~~~~~~^^^^^^^^^^^^^^^^^^^^^
  File "C:\Users\hp\Documents\Raudhwa\school_project\venv\Lib\site-packages\django\db\backends\base\operations.py", line 594, in adapt_json_value
    return json.dumps(value, cls=encoder)
           ~~~~~~~~~~^^^^^^^^^^^^^^^^^^^^
  File "C:\Users\hp\AppData\Local\Programs\Python\Python314\Lib\json\__init__.py", line 235, in dumps
    return _default_encoder.encode(obj)
           ~~~~~~~~~~~~~~~~~~~~~~~^^^^^
  File "C:\Users\hp\AppData\Local\Programs\Python\Python314\Lib\json\encoder.py", line 202, in encode
    chunks = self.iterencode(o, _one_shot=True)
  File "C:\Users\hp\AppData\Local\Programs\Python\Python314\Lib\json\encoder.py", line 263, in iterencode
    return _iterencode(o, 0)
  File "C:\Users\hp\AppData\Local\Programs\Python\Python314\Lib\json\encoder.py", line 182, in default
    raise TypeError(f'Object of type {o.__class__.__name__} '
                    f'is not JSON serializable')
TypeError: Object of type ImageFieldFile is not JSON serializable
when serializing dict item 'profile_picture'
ERROR 2026-03-15 19:45:06,076 signals Audit log write failed for Student pk=5: Object of type ImageFieldFile is not JSON serializable
Traceback (most recent call last):
  File "C:\Users\hp\Documents\Raudhwa\school_project\audit\signals.py", line 247, in _write_crud_log
    AuditLog.log(
    ~~~~~~~~~~~~^
        action=action,
        ^^^^^^^^^^^^^^
    ...<4 lines>...
        session=session,
        ^^^^^^^^^^^^^^^^
    )
    ^
  File "C:\Users\hp\Documents\Raudhwa\school_project\core\models.py", line 3042, in log
    entry.save()
    ~~~~~~~~~~^^
  File "C:\Users\hp\Documents\Raudhwa\school_project\venv\Lib\site-packages\django\db\models\base.py", line 822, in save
    self.save_base(
    ~~~~~~~~~~~~~~^
        using=using,
        ^^^^^^^^^^^^
    ...<2 lines>...
        update_fields=update_fields,
        ^^^^^^^^^^^^^^^^^^^^^^^^^^^^
    )
    ^
  File "C:\Users\hp\Documents\Raudhwa\school_project\venv\Lib\site-packages\django\db\models\base.py", line 909, in save_base
    updated = self._save_table(
        raw,
    ...<4 lines>...
        update_fields,
    )
  File "C:\Users\hp\Documents\Raudhwa\school_project\venv\Lib\site-packages\django\db\models\base.py", line 1067, in _save_table
    results = self._do_insert(
        cls._base_manager, using, fields, returning_fields, raw
    )
  File "C:\Users\hp\Documents\Raudhwa\school_project\venv\Lib\site-packages\django\db\models\base.py", line 1108, in _do_insert
    return manager._insert(
           ~~~~~~~~~~~~~~~^
        [self],
        ^^^^^^^
    ...<3 lines>...
        raw=raw,
        ^^^^^^^^
    )
    ^
  File "C:\Users\hp\Documents\Raudhwa\school_project\venv\Lib\site-packages\django\db\models\manager.py", line 87, in manager_method
    return getattr(self.get_queryset(), name)(*args, **kwargs)
           ~~~~~~~~~~~~~~~~~~~~~~~~~~~~~~~~~~^^^^^^^^^^^^^^^^^
  File "C:\Users\hp\Documents\Raudhwa\school_project\venv\Lib\site-packages\django\db\models\query.py", line 1847, in _insert
    return query.get_compiler(using=using).execute_sql(returning_fields)
           ~~~~~~~~~~~~~~~~~~~~~~~~~~~~~~~~~~~~~~~~~~~^^^^^^^^^^^^^^^^^^
  File "C:\Users\hp\Documents\Raudhwa\school_project\venv\Lib\site-packages\django\db\models\sql\compiler.py", line 1822, in execute_sql
    for sql, params in self.as_sql():
                       ~~~~~~~~~~~^^
  File "C:\Users\hp\Documents\Raudhwa\school_project\venv\Lib\site-packages\django\db\models\sql\compiler.py", line 1747, in as_sql
    self.prepare_value(field, self.pre_save_val(field, obj))
    ~~~~~~~~~~~~~~~~~~^^^^^^^^^^^^^^^^^^^^^^^^^^^^^^^^^^^^^^
  File "C:\Users\hp\Documents\Raudhwa\school_project\venv\Lib\site-packages\django\db\models\sql\compiler.py", line 1686, in prepare_value
    return field.get_db_prep_save(value, connection=self.connection)
           ~~~~~~~~~~~~~~~~~~~~~~^^^^^^^^^^^^^^^^^^^^^^^^^^^^^^^^^^^
  File "C:\Users\hp\Documents\Raudhwa\school_project\venv\Lib\site-packages\django\db\models\fields\json.py", line 136, in get_db_prep_save
    return self.get_db_prep_value(value, connection)
           ~~~~~~~~~~~~~~~~~~~~~~^^^^^^^^^^^^^^^^^^^
  File "C:\Users\hp\Documents\Raudhwa\school_project\venv\Lib\site-packages\django\db\models\fields\json.py", line 131, in get_db_prep_value
    return connection.ops.adapt_json_value(value, self.encoder)
           ~~~~~~~~~~~~~~~~~~~~~~~~~~~~~~~^^^^^^^^^^^^^^^^^^^^^
  File "C:\Users\hp\Documents\Raudhwa\school_project\venv\Lib\site-packages\django\db\backends\base\operations.py", line 594, in adapt_json_value
    return json.dumps(value, cls=encoder)
           ~~~~~~~~~~^^^^^^^^^^^^^^^^^^^^
  File "C:\Users\hp\AppData\Local\Programs\Python\Python314\Lib\json\__init__.py", line 235, in dumps
    return _default_encoder.encode(obj)
           ~~~~~~~~~~~~~~~~~~~~~~~^^^^^
  File "C:\Users\hp\AppData\Local\Programs\Python\Python314\Lib\json\encoder.py", line 202, in encode
    chunks = self.iterencode(o, _one_shot=True)
  File "C:\Users\hp\AppData\Local\Programs\Python\Python314\Lib\json\encoder.py", line 263, in iterencode
    return _iterencode(o, 0)
  File "C:\Users\hp\AppData\Local\Programs\Python\Python314\Lib\json\encoder.py", line 182, in default
    raise TypeError(f'Object of type {o.__class__.__name__} '
                    f'is not JSON serializable')
TypeError: Object of type ImageFieldFile is not JSON serializable
when serializing dict item 'profile_picture'
ERROR 2026-03-15 19:49:16,110 signals Audit log write failed for Student pk=6: Object of type ImageFieldFile is not JSON serializable
Traceback (most recent call last):
  File "C:\Users\hp\Documents\Raudhwa\school_project\audit\signals.py", line 247, in _write_crud_log
    AuditLog.log(
    ~~~~~~~~~~~~^
        action=action,
        ^^^^^^^^^^^^^^
    ...<4 lines>...
        session=session,
        ^^^^^^^^^^^^^^^^
    )
    ^
  File "C:\Users\hp\Documents\Raudhwa\school_project\core\models.py", line 3055, in log
    entry.save()
    ~~~~~~~~~~^^
  File "C:\Users\hp\Documents\Raudhwa\school_project\venv\Lib\site-packages\django\db\models\base.py", line 822, in save
    self.save_base(
    ~~~~~~~~~~~~~~^
        using=using,
        ^^^^^^^^^^^^
    ...<2 lines>...
        update_fields=update_fields,
        ^^^^^^^^^^^^^^^^^^^^^^^^^^^^
    )
    ^
  File "C:\Users\hp\Documents\Raudhwa\school_project\venv\Lib\site-packages\django\db\models\base.py", line 909, in save_base
    updated = self._save_table(
        raw,
    ...<4 lines>...
        update_fields,
    )
  File "C:\Users\hp\Documents\Raudhwa\school_project\venv\Lib\site-packages\django\db\models\base.py", line 1067, in _save_table
    results = self._do_insert(
        cls._base_manager, using, fields, returning_fields, raw
    )
  File "C:\Users\hp\Documents\Raudhwa\school_project\venv\Lib\site-packages\django\db\models\base.py", line 1108, in _do_insert
    return manager._insert(
           ~~~~~~~~~~~~~~~^
        [self],
        ^^^^^^^
    ...<3 lines>...
        raw=raw,
        ^^^^^^^^
    )
    ^
  File "C:\Users\hp\Documents\Raudhwa\school_project\venv\Lib\site-packages\django\db\models\manager.py", line 87, in manager_method
    return getattr(self.get_queryset(), name)(*args, **kwargs)
           ~~~~~~~~~~~~~~~~~~~~~~~~~~~~~~~~~~^^^^^^^^^^^^^^^^^
  File "C:\Users\hp\Documents\Raudhwa\school_project\venv\Lib\site-packages\django\db\models\query.py", line 1847, in _insert
    return query.get_compiler(using=using).execute_sql(returning_fields)
           ~~~~~~~~~~~~~~~~~~~~~~~~~~~~~~~~~~~~~~~~~~~^^^^^^^^^^^^^^^^^^
  File "C:\Users\hp\Documents\Raudhwa\school_project\venv\Lib\site-packages\django\db\models\sql\compiler.py", line 1822, in execute_sql
    for sql, params in self.as_sql():
                       ~~~~~~~~~~~^^
  File "C:\Users\hp\Documents\Raudhwa\school_project\venv\Lib\site-packages\django\db\models\sql\compiler.py", line 1747, in as_sql
    self.prepare_value(field, self.pre_save_val(field, obj))
    ~~~~~~~~~~~~~~~~~~^^^^^^^^^^^^^^^^^^^^^^^^^^^^^^^^^^^^^^
  File "C:\Users\hp\Documents\Raudhwa\school_project\venv\Lib\site-packages\django\db\models\sql\compiler.py", line 1686, in prepare_value
    return field.get_db_prep_save(value, connection=self.connection)
           ~~~~~~~~~~~~~~~~~~~~~~^^^^^^^^^^^^^^^^^^^^^^^^^^^^^^^^^^^
  File "C:\Users\hp\Documents\Raudhwa\school_project\venv\Lib\site-packages\django\db\models\fields\json.py", line 136, in get_db_prep_save
    return self.get_db_prep_value(value, connection)
           ~~~~~~~~~~~~~~~~~~~~~~^^^^^^^^^^^^^^^^^^^
  File "C:\Users\hp\Documents\Raudhwa\school_project\venv\Lib\site-packages\django\db\models\fields\json.py", line 131, in get_db_prep_value
    return connection.ops.adapt_json_value(value, self.encoder)
           ~~~~~~~~~~~~~~~~~~~~~~~~~~~~~~~^^^^^^^^^^^^^^^^^^^^^
  File "C:\Users\hp\Documents\Raudhwa\school_project\venv\Lib\site-packages\django\db\backends\base\operations.py", line 594, in adapt_json_value
    return json.dumps(value, cls=encoder)
           ~~~~~~~~~~^^^^^^^^^^^^^^^^^^^^
  File "C:\Users\hp\AppData\Local\Programs\Python\Python314\Lib\json\__init__.py", line 235, in dumps
    return _default_encoder.encode(obj)
           ~~~~~~~~~~~~~~~~~~~~~~~^^^^^
  File "C:\Users\hp\AppData\Local\Programs\Python\Python314\Lib\json\encoder.py", line 202, in encode
    chunks = self.iterencode(o, _one_shot=True)
  File "C:\Users\hp\AppData\Local\Programs\Python\Python314\Lib\json\encoder.py", line 263, in iterencode
    return _iterencode(o, 0)
  File "C:\Users\hp\AppData\Local\Programs\Python\Python314\Lib\json\encoder.py", line 182, in default
    raise TypeError(f'Object of type {o.__class__.__name__} '
                    f'is not JSON serializable')
TypeError: Object of type ImageFieldFile is not JSON serializable
when serializing dict item 'profile_picture'
ERROR 2026-03-15 20:01:12,809 signals Audit log write failed for Student pk=7: Object of type ImageFieldFile is not JSON serializable
Traceback (most recent call last):
  File "C:\Users\hp\Documents\Raudhwa\school_project\audit\signals.py", line 247, in _write_crud_log
    AuditLog.log(
    ~~~~~~~~~~~~^
        action=action,
        ^^^^^^^^^^^^^^
    ...<4 lines>...
        session=session,
        ^^^^^^^^^^^^^^^^
    )
    ^
  File "C:\Users\hp\Documents\Raudhwa\school_project\core\models.py", line 3055, in log
    entry.save()
    ~~~~~~~~~~^^
  File "C:\Users\hp\Documents\Raudhwa\school_project\venv\Lib\site-packages\django\db\models\base.py", line 822, in save
    self.save_base(
    ~~~~~~~~~~~~~~^
        using=using,
        ^^^^^^^^^^^^
    ...<2 lines>...
        update_fields=update_fields,
        ^^^^^^^^^^^^^^^^^^^^^^^^^^^^
    )
    ^
  File "C:\Users\hp\Documents\Raudhwa\school_project\venv\Lib\site-packages\django\db\models\base.py", line 909, in save_base
    updated = self._save_table(
        raw,
    ...<4 lines>...
        update_fields,
    )
  File "C:\Users\hp\Documents\Raudhwa\school_project\venv\Lib\site-packages\django\db\models\base.py", line 1067, in _save_table
    results = self._do_insert(
        cls._base_manager, using, fields, returning_fields, raw
    )
  File "C:\Users\hp\Documents\Raudhwa\school_project\venv\Lib\site-packages\django\db\models\base.py", line 1108, in _do_insert
    return manager._insert(
           ~~~~~~~~~~~~~~~^
        [self],
        ^^^^^^^
    ...<3 lines>...
        raw=raw,
        ^^^^^^^^
    )
    ^
  File "C:\Users\hp\Documents\Raudhwa\school_project\venv\Lib\site-packages\django\db\models\manager.py", line 87, in manager_method
    return getattr(self.get_queryset(), name)(*args, **kwargs)
           ~~~~~~~~~~~~~~~~~~~~~~~~~~~~~~~~~~^^^^^^^^^^^^^^^^^
  File "C:\Users\hp\Documents\Raudhwa\school_project\venv\Lib\site-packages\django\db\models\query.py", line 1847, in _insert
    return query.get_compiler(using=using).execute_sql(returning_fields)
           ~~~~~~~~~~~~~~~~~~~~~~~~~~~~~~~~~~~~~~~~~~~^^^^^^^^^^^^^^^^^^
  File "C:\Users\hp\Documents\Raudhwa\school_project\venv\Lib\site-packages\django\db\models\sql\compiler.py", line 1822, in execute_sql
    for sql, params in self.as_sql():
                       ~~~~~~~~~~~^^
  File "C:\Users\hp\Documents\Raudhwa\school_project\venv\Lib\site-packages\django\db\models\sql\compiler.py", line 1747, in as_sql
    self.prepare_value(field, self.pre_save_val(field, obj))
    ~~~~~~~~~~~~~~~~~~^^^^^^^^^^^^^^^^^^^^^^^^^^^^^^^^^^^^^^
  File "C:\Users\hp\Documents\Raudhwa\school_project\venv\Lib\site-packages\django\db\models\sql\compiler.py", line 1686, in prepare_value
    return field.get_db_prep_save(value, connection=self.connection)
           ~~~~~~~~~~~~~~~~~~~~~~^^^^^^^^^^^^^^^^^^^^^^^^^^^^^^^^^^^
  File "C:\Users\hp\Documents\Raudhwa\school_project\venv\Lib\site-packages\django\db\models\fields\json.py", line 136, in get_db_prep_save
    return self.get_db_prep_value(value, connection)
           ~~~~~~~~~~~~~~~~~~~~~~^^^^^^^^^^^^^^^^^^^
  File "C:\Users\hp\Documents\Raudhwa\school_project\venv\Lib\site-packages\django\db\models\fields\json.py", line 131, in get_db_prep_value
    return connection.ops.adapt_json_value(value, self.encoder)
           ~~~~~~~~~~~~~~~~~~~~~~~~~~~~~~~^^^^^^^^^^^^^^^^^^^^^
  File "C:\Users\hp\Documents\Raudhwa\school_project\venv\Lib\site-packages\django\db\backends\base\operations.py", line 594, in adapt_json_value
    return json.dumps(value, cls=encoder)
           ~~~~~~~~~~^^^^^^^^^^^^^^^^^^^^
  File "C:\Users\hp\AppData\Local\Programs\Python\Python314\Lib\json\__init__.py", line 235, in dumps
    return _default_encoder.encode(obj)
           ~~~~~~~~~~~~~~~~~~~~~~~^^^^^
  File "C:\Users\hp\AppData\Local\Programs\Python\Python314\Lib\json\encoder.py", line 202, in encode
    chunks = self.iterencode(o, _one_shot=True)
  File "C:\Users\hp\AppData\Local\Programs\Python\Python314\Lib\json\encoder.py", line 263, in iterencode
    return _iterencode(o, 0)
  File "C:\Users\hp\AppData\Local\Programs\Python\Python314\Lib\json\encoder.py", line 182, in default
    raise TypeError(f'Object of type {o.__class__.__name__} '
                    f'is not JSON serializable')
TypeError: Object of type ImageFieldFile is not JSON serializable
when serializing dict item 'profile_picture'
ERROR 2026-03-15 20:04:40,357 signals Audit log write failed for Student pk=8: Object of type ImageFieldFile is not JSON serializable
Traceback (most recent call last):
  File "C:\Users\hp\Documents\Raudhwa\school_project\audit\signals.py", line 247, in _write_crud_log
    AuditLog.log(
    ~~~~~~~~~~~~^
        action=action,
        ^^^^^^^^^^^^^^
    ...<4 lines>...
        session=session,
        ^^^^^^^^^^^^^^^^
    )
    ^
  File "C:\Users\hp\Documents\Raudhwa\school_project\core\models.py", line 3055, in log
    entry.save()
    ~~~~~~~~~~^^
  File "C:\Users\hp\Documents\Raudhwa\school_project\venv\Lib\site-packages\django\db\models\base.py", line 822, in save
    self.save_base(
    ~~~~~~~~~~~~~~^
        using=using,
        ^^^^^^^^^^^^
    ...<2 lines>...
        update_fields=update_fields,
        ^^^^^^^^^^^^^^^^^^^^^^^^^^^^
    )
    ^
  File "C:\Users\hp\Documents\Raudhwa\school_project\venv\Lib\site-packages\django\db\models\base.py", line 909, in save_base
    updated = self._save_table(
        raw,
    ...<4 lines>...
        update_fields,
    )
  File "C:\Users\hp\Documents\Raudhwa\school_project\venv\Lib\site-packages\django\db\models\base.py", line 1067, in _save_table
    results = self._do_insert(
        cls._base_manager, using, fields, returning_fields, raw
    )
  File "C:\Users\hp\Documents\Raudhwa\school_project\venv\Lib\site-packages\django\db\models\base.py", line 1108, in _do_insert
    return manager._insert(
           ~~~~~~~~~~~~~~~^
        [self],
        ^^^^^^^
    ...<3 lines>...
        raw=raw,
        ^^^^^^^^
    )
    ^
  File "C:\Users\hp\Documents\Raudhwa\school_project\venv\Lib\site-packages\django\db\models\manager.py", line 87, in manager_method
    return getattr(self.get_queryset(), name)(*args, **kwargs)
           ~~~~~~~~~~~~~~~~~~~~~~~~~~~~~~~~~~^^^^^^^^^^^^^^^^^
  File "C:\Users\hp\Documents\Raudhwa\school_project\venv\Lib\site-packages\django\db\models\query.py", line 1847, in _insert
    return query.get_compiler(using=using).execute_sql(returning_fields)
           ~~~~~~~~~~~~~~~~~~~~~~~~~~~~~~~~~~~~~~~~~~~^^^^^^^^^^^^^^^^^^
  File "C:\Users\hp\Documents\Raudhwa\school_project\venv\Lib\site-packages\django\db\models\sql\compiler.py", line 1822, in execute_sql
    for sql, params in self.as_sql():
                       ~~~~~~~~~~~^^
  File "C:\Users\hp\Documents\Raudhwa\school_project\venv\Lib\site-packages\django\db\models\sql\compiler.py", line 1747, in as_sql
    self.prepare_value(field, self.pre_save_val(field, obj))
    ~~~~~~~~~~~~~~~~~~^^^^^^^^^^^^^^^^^^^^^^^^^^^^^^^^^^^^^^
  File "C:\Users\hp\Documents\Raudhwa\school_project\venv\Lib\site-packages\django\db\models\sql\compiler.py", line 1686, in prepare_value
    return field.get_db_prep_save(value, connection=self.connection)
           ~~~~~~~~~~~~~~~~~~~~~~^^^^^^^^^^^^^^^^^^^^^^^^^^^^^^^^^^^
  File "C:\Users\hp\Documents\Raudhwa\school_project\venv\Lib\site-packages\django\db\models\fields\json.py", line 136, in get_db_prep_save
    return self.get_db_prep_value(value, connection)
           ~~~~~~~~~~~~~~~~~~~~~~^^^^^^^^^^^^^^^^^^^
  File "C:\Users\hp\Documents\Raudhwa\school_project\venv\Lib\site-packages\django\db\models\fields\json.py", line 131, in get_db_prep_value
    return connection.ops.adapt_json_value(value, self.encoder)
           ~~~~~~~~~~~~~~~~~~~~~~~~~~~~~~~^^^^^^^^^^^^^^^^^^^^^
  File "C:\Users\hp\Documents\Raudhwa\school_project\venv\Lib\site-packages\django\db\backends\base\operations.py", line 594, in adapt_json_value
    return json.dumps(value, cls=encoder)
           ~~~~~~~~~~^^^^^^^^^^^^^^^^^^^^
  File "C:\Users\hp\AppData\Local\Programs\Python\Python314\Lib\json\__init__.py", line 235, in dumps
    return _default_encoder.encode(obj)
           ~~~~~~~~~~~~~~~~~~~~~~~^^^^^
  File "C:\Users\hp\AppData\Local\Programs\Python\Python314\Lib\json\encoder.py", line 202, in encode
    chunks = self.iterencode(o, _one_shot=True)
  File "C:\Users\hp\AppData\Local\Programs\Python\Python314\Lib\json\encoder.py", line 263, in iterencode
    return _iterencode(o, 0)
  File "C:\Users\hp\AppData\Local\Programs\Python\Python314\Lib\json\encoder.py", line 182, in default
    raise TypeError(f'Object of type {o.__class__.__name__} '
                    f'is not JSON serializable')
TypeError: Object of type ImageFieldFile is not JSON serializable
when serializing dict item 'profile_picture'
ERROR 2026-03-15 20:05:48,500 signals Audit log write failed for Student pk=9: Object of type ImageFieldFile is not JSON serializable
Traceback (most recent call last):
  File "C:\Users\hp\Documents\Raudhwa\school_project\audit\signals.py", line 247, in _write_crud_log
    AuditLog.log(
    ~~~~~~~~~~~~^
        action=action,
        ^^^^^^^^^^^^^^
    ...<4 lines>...
        session=session,
        ^^^^^^^^^^^^^^^^
    )
    ^
  File "C:\Users\hp\Documents\Raudhwa\school_project\core\models.py", line 3055, in log
    entry.save()
    ~~~~~~~~~~^^
  File "C:\Users\hp\Documents\Raudhwa\school_project\venv\Lib\site-packages\django\db\models\base.py", line 822, in save
    self.save_base(
    ~~~~~~~~~~~~~~^
        using=using,
        ^^^^^^^^^^^^
    ...<2 lines>...
        update_fields=update_fields,
        ^^^^^^^^^^^^^^^^^^^^^^^^^^^^
    )
    ^
  File "C:\Users\hp\Documents\Raudhwa\school_project\venv\Lib\site-packages\django\db\models\base.py", line 909, in save_base
    updated = self._save_table(
        raw,
    ...<4 lines>...
        update_fields,
    )
  File "C:\Users\hp\Documents\Raudhwa\school_project\venv\Lib\site-packages\django\db\models\base.py", line 1067, in _save_table
    results = self._do_insert(
        cls._base_manager, using, fields, returning_fields, raw
    )
  File "C:\Users\hp\Documents\Raudhwa\school_project\venv\Lib\site-packages\django\db\models\base.py", line 1108, in _do_insert
    return manager._insert(
           ~~~~~~~~~~~~~~~^
        [self],
        ^^^^^^^
    ...<3 lines>...
        raw=raw,
        ^^^^^^^^
    )
    ^
  File "C:\Users\hp\Documents\Raudhwa\school_project\venv\Lib\site-packages\django\db\models\manager.py", line 87, in manager_method
    return getattr(self.get_queryset(), name)(*args, **kwargs)
           ~~~~~~~~~~~~~~~~~~~~~~~~~~~~~~~~~~^^^^^^^^^^^^^^^^^
  File "C:\Users\hp\Documents\Raudhwa\school_project\venv\Lib\site-packages\django\db\models\query.py", line 1847, in _insert
    return query.get_compiler(using=using).execute_sql(returning_fields)
           ~~~~~~~~~~~~~~~~~~~~~~~~~~~~~~~~~~~~~~~~~~~^^^^^^^^^^^^^^^^^^
  File "C:\Users\hp\Documents\Raudhwa\school_project\venv\Lib\site-packages\django\db\models\sql\compiler.py", line 1822, in execute_sql
    for sql, params in self.as_sql():
                       ~~~~~~~~~~~^^
  File "C:\Users\hp\Documents\Raudhwa\school_project\venv\Lib\site-packages\django\db\models\sql\compiler.py", line 1747, in as_sql
    self.prepare_value(field, self.pre_save_val(field, obj))
    ~~~~~~~~~~~~~~~~~~^^^^^^^^^^^^^^^^^^^^^^^^^^^^^^^^^^^^^^
  File "C:\Users\hp\Documents\Raudhwa\school_project\venv\Lib\site-packages\django\db\models\sql\compiler.py", line 1686, in prepare_value
    return field.get_db_prep_save(value, connection=self.connection)
           ~~~~~~~~~~~~~~~~~~~~~~^^^^^^^^^^^^^^^^^^^^^^^^^^^^^^^^^^^
  File "C:\Users\hp\Documents\Raudhwa\school_project\venv\Lib\site-packages\django\db\models\fields\json.py", line 136, in get_db_prep_save
    return self.get_db_prep_value(value, connection)
           ~~~~~~~~~~~~~~~~~~~~~~^^^^^^^^^^^^^^^^^^^
  File "C:\Users\hp\Documents\Raudhwa\school_project\venv\Lib\site-packages\django\db\models\fields\json.py", line 131, in get_db_prep_value
    return connection.ops.adapt_json_value(value, self.encoder)
           ~~~~~~~~~~~~~~~~~~~~~~~~~~~~~~~^^^^^^^^^^^^^^^^^^^^^
  File "C:\Users\hp\Documents\Raudhwa\school_project\venv\Lib\site-packages\django\db\backends\base\operations.py", line 594, in adapt_json_value
    return json.dumps(value, cls=encoder)
           ~~~~~~~~~~^^^^^^^^^^^^^^^^^^^^
  File "C:\Users\hp\AppData\Local\Programs\Python\Python314\Lib\json\__init__.py", line 235, in dumps
    return _default_encoder.encode(obj)
           ~~~~~~~~~~~~~~~~~~~~~~~^^^^^
  File "C:\Users\hp\AppData\Local\Programs\Python\Python314\Lib\json\encoder.py", line 202, in encode
    chunks = self.iterencode(o, _one_shot=True)
  File "C:\Users\hp\AppData\Local\Programs\Python\Python314\Lib\json\encoder.py", line 263, in iterencode
    return _iterencode(o, 0)
  File "C:\Users\hp\AppData\Local\Programs\Python\Python314\Lib\json\encoder.py", line 182, in default
    raise TypeError(f'Object of type {o.__class__.__name__} '
                    f'is not JSON serializable')
TypeError: Object of type ImageFieldFile is not JSON serializable
when serializing dict item 'profile_picture'
INFO 2026-03-15 21:19:41,254 middleware Session expired for user admin due to inactivity
INFO 2026-03-16 01:08:20,291 middleware Session expired for user admin due to inactivity
INFO 2026-03-16 10:20:13,678 middleware Session expired for user admin due to inactivity
INFO 2026-03-16 11:03:24,288 middleware Session expired for user admin due to inactivity
INFO 2026-03-16 14:48:51,780 middleware Session expired for user admin due to inactivity
INFO 2026-03-16 15:41:59,703 middleware Session expired for user admin due to inactivity
INFO 2026-03-16 19:43:47,333 middleware Session expired for user admin due to inactivity
INFO 2026-03-16 23:45:30,731 middleware Session expired for user admin due to inactivity
INFO 2026-03-17 01:20:14,550 middleware Session expired for user admin due to inactivity
INFO 2026-03-17 10:26:42,378 middleware Session expired for user admin due to inactivity
INFO 2026-03-17 14:00:24,025 middleware Session expired for user admin due to inactivity
INFO 2026-03-17 23:15:18,566 middleware Session expired for user admin due to inactivity
INFO 2026-03-18 14:35:56,505 middleware Session expired for user admin due to inactivity
INFO 2026-03-18 22:28:21,442 middleware Session expired for user admin due to inactivity
INFO 2026-03-19 11:50:01,303 middleware Session expired for user admin due to inactivity
INFO 2026-03-19 13:43:57,331 middleware Session expired for user admin due to inactivity
INFO 2026-03-19 19:50:03,137 middleware Session expired for user admin due to inactivity
INFO 2026-03-19 20:34:48,258 middleware Session expired for user admin due to inactivity
INFO 2026-03-19 23:25:58,840 middleware Session expired for user admin due to inactivity
INFO 2026-03-20 16:56:10,026 middleware Session expired for user admin due to inactivity
INFO 2026-03-20 19:07:48,185 middleware Session expired for user admin due to inactivity
INFO 2026-03-21 00:03:46,593 middleware Session expired for user admin due to inactivity
INFO 2026-03-21 18:45:19,859 middleware Session expired for user admin due to inactivity
INFO 2026-03-21 23:00:00,187 middleware Session expired for user admin due to inactivity
INFO 2026-03-22 00:27:04,818 middleware Session expired for user admin due to inactivity
